[debug] [2020-10-10T14:58:13.716Z] : 
[debug] [2020-10-10T14:58:13.732Z] : ----------------------------------------------------------------------
[debug] [2020-10-10T14:58:13.732Z] : Command:      C:\Program Files\nodejs\node.exe C:\Users\ELCOT\AppData\Roaming\npm\node_modules\zcatalyst-cli\lib\bin\catalyst.js serve
[debug] [2020-10-10T14:58:13.732Z] : CLI Version:  1.0.4
[debug] [2020-10-10T14:58:13.732Z] : Platform:     win32
[debug] [2020-10-10T14:58:13.732Z] : Node Version: v12.16.1
[debug] [2020-10-10T14:58:13.732Z] : Time:         Sat Oct 10 2020 07:58:13 GMT-0700 (Pacific Daylight Time)
[debug] [2020-10-10T14:58:13.732Z] : ----------------------------------------------------------------------
[debug] [2020-10-10T14:58:13.732Z] : 
[debug] [2020-10-10T14:58:22.428Z] : > authorizing via signed-in user option
[debug] [2020-10-10T14:58:22.428Z] : > command requires scopes: ["ZohoCatalyst.projects.ALL","ZohoCatalyst.functions.ALL","ZohoCatalyst.functions.EXECUTE","ZohoCatalyst.webapp.ALL"]
[debug] [2020-10-10T14:58:22.490Z] : >>>> HTTP REQUEST : GET https://catalyst.zoho.com/baas/v1/project/1835000000004285 

[debug] [2020-10-10T14:58:23.654Z] : <<<< HTTP RESPONSE : 200
Response Headers: {"server":"ZGS","date":"Sat, 10 Oct 2020 02:27:43 GMT","content-type":"application/json;charset=UTF-8","transfer-encoding":"chunked","connection":"close","set-cookie":["46512fd555=63dd9cf89a6678b816d9580ec827ee61; Path=/","ZD_CSRF_TOKEN=8f42c198-3780-41b5-b4c3-116c2d699efd;path=/;SameSite=None;Secure;priority=high"],"x-content-type-options":"nosniff","x-xss-protection":"1","pragma":"no-cache","cache-control":"no-cache","expires":"Thu, 01 Jan 1970 00:00:00 GMT","vary":"accept-encoding","strict-transport-security":"max-age=63072000"}

[debug] [2020-10-10T14:58:23.669Z] : >>>> HTTP REQUEST : GET https://catalyst.zoho.com/baas/v1/project/1835000000004285/environment 

[debug] [2020-10-10T14:58:24.562Z] : <<<< HTTP RESPONSE : 200
Response Headers: {"server":"ZGS","date":"Sat, 10 Oct 2020 02:27:44 GMT","content-type":"application/json;charset=UTF-8","transfer-encoding":"chunked","connection":"close","set-cookie":["46512fd555=ba2a1b22f2a5e14b0d2647f7e38884fc; Path=/","ZD_CSRF_TOKEN=be98402b-4b9a-47d3-a300-a0ad19c6c217;path=/;SameSite=None;Secure;priority=high"],"x-content-type-options":"nosniff","x-xss-protection":"1","pragma":"no-cache","cache-control":"no-cache","expires":"Thu, 01 Jan 1970 00:00:00 GMT","vary":"accept-encoding","strict-transport-security":"max-age=63072000"}

[debug] [2020-10-10T14:58:24.567Z] : migration in process
[debug] [2020-10-10T14:58:24.568Z] : migration completed
[debug] [2020-10-10T14:58:28.428Z] : http port : '3000' is not available. Hence port '3001' will be used instead.
[info] [2020-10-10T14:58:28.475Z] : i functions[hr_management_function]: URL : http://localhost:3000/server/hr_management_function/
[info] [2020-10-10T14:58:28.475Z] : 
[info] [2020-10-10T14:58:28.591Z] : i client[sampleApp]: URL : http://localhost:3000/app/
[info] [2020-10-10T14:58:28.592Z] : 
